<?xml version="1.0" encoding="UTF-8"?>
<testsuite xmlns:xsi="http://www.w3.org/2001/XMLSchema-instance" xsi:noNamespaceSchemaLocation="https://maven.apache.org/surefire/maven-surefire-plugin/xsd/surefire-test-report-3.0.xsd" version="3.0" name="TestSuite" time="11.512" tests="14" errors="0" skipped="13" failures="1">
  <properties>
    <property name="gopherProxySet" value="false"/>
    <property name="awt.toolkit" value="sun.lwawt.macosx.LWCToolkit"/>
    <property name="file.encoding.pkg" value="sun.io"/>
    <property name="java.specification.version" value="1.8"/>
    <property name="sun.cpu.isalist" value=""/>
    <property name="sun.jnu.encoding" value="UTF-8"/>
    <property name="java.class.path" value="/Users/dmytropetryshchak/IdeaProjects/frontredrtack/target/test-classes:/Users/dmytropetryshchak/IdeaProjects/frontredrtack/target/classes:/Users/dmytropetryshchak/.m2/repository/org/seleniumhq/selenium/selenium-java/3.14.0/selenium-java-3.14.0.jar:/Users/dmytropetryshchak/.m2/repository/org/seleniumhq/selenium/selenium-api/3.14.0/selenium-api-3.14.0.jar:/Users/dmytropetryshchak/.m2/repository/org/seleniumhq/selenium/selenium-edge-driver/3.14.0/selenium-edge-driver-3.14.0.jar:/Users/dmytropetryshchak/.m2/repository/org/seleniumhq/selenium/selenium-firefox-driver/3.14.0/selenium-firefox-driver-3.14.0.jar:/Users/dmytropetryshchak/.m2/repository/org/seleniumhq/selenium/selenium-ie-driver/3.14.0/selenium-ie-driver-3.14.0.jar:/Users/dmytropetryshchak/.m2/repository/org/seleniumhq/selenium/selenium-opera-driver/3.14.0/selenium-opera-driver-3.14.0.jar:/Users/dmytropetryshchak/.m2/repository/org/seleniumhq/selenium/selenium-remote-driver/3.14.0/selenium-remote-driver-3.14.0.jar:/Users/dmytropetryshchak/.m2/repository/org/seleniumhq/selenium/selenium-safari-driver/3.14.0/selenium-safari-driver-3.14.0.jar:/Users/dmytropetryshchak/.m2/repository/org/seleniumhq/selenium/selenium-support/3.14.0/selenium-support-3.14.0.jar:/Users/dmytropetryshchak/.m2/repository/net/bytebuddy/byte-buddy/1.8.15/byte-buddy-1.8.15.jar:/Users/dmytropetryshchak/.m2/repository/org/apache/commons/commons-exec/1.3/commons-exec-1.3.jar:/Users/dmytropetryshchak/.m2/repository/commons-codec/commons-codec/1.10/commons-codec-1.10.jar:/Users/dmytropetryshchak/.m2/repository/commons-logging/commons-logging/1.2/commons-logging-1.2.jar:/Users/dmytropetryshchak/.m2/repository/com/google/guava/guava/25.0-jre/guava-25.0-jre.jar:/Users/dmytropetryshchak/.m2/repository/com/google/code/findbugs/jsr305/1.3.9/jsr305-1.3.9.jar:/Users/dmytropetryshchak/.m2/repository/org/checkerframework/checker-compat-qual/2.0.0/checker-compat-qual-2.0.0.jar:/Users/dmytropetryshchak/.m2/repository/com/google/errorprone/error_prone_annotations/2.1.3/error_prone_annotations-2.1.3.jar:/Users/dmytropetryshchak/.m2/repository/com/google/j2objc/j2objc-annotations/1.1/j2objc-annotations-1.1.jar:/Users/dmytropetryshchak/.m2/repository/org/codehaus/mojo/animal-sniffer-annotations/1.14/animal-sniffer-annotations-1.14.jar:/Users/dmytropetryshchak/.m2/repository/org/apache/httpcomponents/httpclient/4.5.5/httpclient-4.5.5.jar:/Users/dmytropetryshchak/.m2/repository/org/apache/httpcomponents/httpcore/4.4.9/httpcore-4.4.9.jar:/Users/dmytropetryshchak/.m2/repository/com/squareup/okhttp3/okhttp/3.10.0/okhttp-3.10.0.jar:/Users/dmytropetryshchak/.m2/repository/com/squareup/okio/okio/1.14.1/okio-1.14.1.jar:/Users/dmytropetryshchak/.m2/repository/org/seleniumhq/selenium/selenium-chrome-driver/3.14.0/selenium-chrome-driver-3.14.0.jar:/Users/dmytropetryshchak/.m2/repository/junit/junit/4.12/junit-4.12.jar:/Users/dmytropetryshchak/.m2/repository/org/hamcrest/hamcrest-core/1.3/hamcrest-core-1.3.jar:/Users/dmytropetryshchak/.m2/repository/org/testng/testng/6.14.3/testng-6.14.3.jar:/Users/dmytropetryshchak/.m2/repository/com/beust/jcommander/1.72/jcommander-1.72.jar:/Users/dmytropetryshchak/.m2/repository/org/apache-extras/beanshell/bsh/2.0b6/bsh-2.0b6.jar:/Users/dmytropetryshchak/.m2/repository/log4j/log4j/1.2.12/log4j-1.2.12.jar:/Users/dmytropetryshchak/.m2/repository/io/github/bonigarcia/webdrivermanager/3.4.0/webdrivermanager-3.4.0.jar:/Users/dmytropetryshchak/.m2/repository/org/slf4j/slf4j-api/1.7.25/slf4j-api-1.7.25.jar:/Users/dmytropetryshchak/.m2/repository/commons-io/commons-io/2.6/commons-io-2.6.jar:/Users/dmytropetryshchak/.m2/repository/com/google/code/gson/gson/2.8.5/gson-2.8.5.jar:/Users/dmytropetryshchak/.m2/repository/org/apache/commons/commons-lang3/3.8.1/commons-lang3-3.8.1.jar:/Users/dmytropetryshchak/.m2/repository/org/rauschig/jarchivelib/1.0.0/jarchivelib-1.0.0.jar:/Users/dmytropetryshchak/.m2/repository/org/apache/commons/commons-compress/1.18/commons-compress-1.18.jar:/Users/dmytropetryshchak/.m2/repository/org/jsoup/jsoup/1.11.3/jsoup-1.11.3.jar:"/>
    <property name="java.vm.vendor" value="Oracle Corporation"/>
    <property name="sun.arch.data.model" value="64"/>
    <property name="java.vendor.url" value="http://java.oracle.com/"/>
    <property name="user.timezone" value=""/>
    <property name="java.vm.specification.version" value="1.8"/>
    <property name="os.name" value="Mac OS X"/>
    <property name="user.country" value="BY"/>
    <property name="sun.java.launcher" value="SUN_STANDARD"/>
    <property name="sun.boot.library.path" value="/Library/Java/JavaVirtualMachines/jdk1.8.0_201.jdk/Contents/Home/jre/lib"/>
    <property name="sun.java.command" value="/Users/dmytropetryshchak/IdeaProjects/frontredrtack/target/surefire/surefirebooter673647932714597706.jar /Users/dmytropetryshchak/IdeaProjects/frontredrtack/target/surefire 2019-04-08T20-28-22_772-jvmRun1 surefire4043034740809748535tmp surefire_02973807144460888499tmp"/>
    <property name="http.nonProxyHosts" value="local|*.local|169.254/16|*.169.254/16"/>
    <property name="surefire.test.class.path" value="/Users/dmytropetryshchak/IdeaProjects/frontredrtack/target/test-classes:/Users/dmytropetryshchak/IdeaProjects/frontredrtack/target/classes:/Users/dmytropetryshchak/.m2/repository/org/seleniumhq/selenium/selenium-java/3.14.0/selenium-java-3.14.0.jar:/Users/dmytropetryshchak/.m2/repository/org/seleniumhq/selenium/selenium-api/3.14.0/selenium-api-3.14.0.jar:/Users/dmytropetryshchak/.m2/repository/org/seleniumhq/selenium/selenium-edge-driver/3.14.0/selenium-edge-driver-3.14.0.jar:/Users/dmytropetryshchak/.m2/repository/org/seleniumhq/selenium/selenium-firefox-driver/3.14.0/selenium-firefox-driver-3.14.0.jar:/Users/dmytropetryshchak/.m2/repository/org/seleniumhq/selenium/selenium-ie-driver/3.14.0/selenium-ie-driver-3.14.0.jar:/Users/dmytropetryshchak/.m2/repository/org/seleniumhq/selenium/selenium-opera-driver/3.14.0/selenium-opera-driver-3.14.0.jar:/Users/dmytropetryshchak/.m2/repository/org/seleniumhq/selenium/selenium-remote-driver/3.14.0/selenium-remote-driver-3.14.0.jar:/Users/dmytropetryshchak/.m2/repository/org/seleniumhq/selenium/selenium-safari-driver/3.14.0/selenium-safari-driver-3.14.0.jar:/Users/dmytropetryshchak/.m2/repository/org/seleniumhq/selenium/selenium-support/3.14.0/selenium-support-3.14.0.jar:/Users/dmytropetryshchak/.m2/repository/net/bytebuddy/byte-buddy/1.8.15/byte-buddy-1.8.15.jar:/Users/dmytropetryshchak/.m2/repository/org/apache/commons/commons-exec/1.3/commons-exec-1.3.jar:/Users/dmytropetryshchak/.m2/repository/commons-codec/commons-codec/1.10/commons-codec-1.10.jar:/Users/dmytropetryshchak/.m2/repository/commons-logging/commons-logging/1.2/commons-logging-1.2.jar:/Users/dmytropetryshchak/.m2/repository/com/google/guava/guava/25.0-jre/guava-25.0-jre.jar:/Users/dmytropetryshchak/.m2/repository/com/google/code/findbugs/jsr305/1.3.9/jsr305-1.3.9.jar:/Users/dmytropetryshchak/.m2/repository/org/checkerframework/checker-compat-qual/2.0.0/checker-compat-qual-2.0.0.jar:/Users/dmytropetryshchak/.m2/repository/com/google/errorprone/error_prone_annotations/2.1.3/error_prone_annotations-2.1.3.jar:/Users/dmytropetryshchak/.m2/repository/com/google/j2objc/j2objc-annotations/1.1/j2objc-annotations-1.1.jar:/Users/dmytropetryshchak/.m2/repository/org/codehaus/mojo/animal-sniffer-annotations/1.14/animal-sniffer-annotations-1.14.jar:/Users/dmytropetryshchak/.m2/repository/org/apache/httpcomponents/httpclient/4.5.5/httpclient-4.5.5.jar:/Users/dmytropetryshchak/.m2/repository/org/apache/httpcomponents/httpcore/4.4.9/httpcore-4.4.9.jar:/Users/dmytropetryshchak/.m2/repository/com/squareup/okhttp3/okhttp/3.10.0/okhttp-3.10.0.jar:/Users/dmytropetryshchak/.m2/repository/com/squareup/okio/okio/1.14.1/okio-1.14.1.jar:/Users/dmytropetryshchak/.m2/repository/org/seleniumhq/selenium/selenium-chrome-driver/3.14.0/selenium-chrome-driver-3.14.0.jar:/Users/dmytropetryshchak/.m2/repository/junit/junit/4.12/junit-4.12.jar:/Users/dmytropetryshchak/.m2/repository/org/hamcrest/hamcrest-core/1.3/hamcrest-core-1.3.jar:/Users/dmytropetryshchak/.m2/repository/org/testng/testng/6.14.3/testng-6.14.3.jar:/Users/dmytropetryshchak/.m2/repository/com/beust/jcommander/1.72/jcommander-1.72.jar:/Users/dmytropetryshchak/.m2/repository/org/apache-extras/beanshell/bsh/2.0b6/bsh-2.0b6.jar:/Users/dmytropetryshchak/.m2/repository/log4j/log4j/1.2.12/log4j-1.2.12.jar:/Users/dmytropetryshchak/.m2/repository/io/github/bonigarcia/webdrivermanager/3.4.0/webdrivermanager-3.4.0.jar:/Users/dmytropetryshchak/.m2/repository/org/slf4j/slf4j-api/1.7.25/slf4j-api-1.7.25.jar:/Users/dmytropetryshchak/.m2/repository/commons-io/commons-io/2.6/commons-io-2.6.jar:/Users/dmytropetryshchak/.m2/repository/com/google/code/gson/gson/2.8.5/gson-2.8.5.jar:/Users/dmytropetryshchak/.m2/repository/org/apache/commons/commons-lang3/3.8.1/commons-lang3-3.8.1.jar:/Users/dmytropetryshchak/.m2/repository/org/rauschig/jarchivelib/1.0.0/jarchivelib-1.0.0.jar:/Users/dmytropetryshchak/.m2/repository/org/apache/commons/commons-compress/1.18/commons-compress-1.18.jar:/Users/dmytropetryshchak/.m2/repository/org/jsoup/jsoup/1.11.3/jsoup-1.11.3.jar:"/>
    <property name="sun.cpu.endian" value="little"/>
    <property name="allure.results.directory" value="/Users/dmytropetryshchak/IdeaProjects/frontredrtack/target/allure-results"/>
    <property name="user.home" value="/Users/dmytropetryshchak"/>
    <property name="user.language" value="ru"/>
    <property name="java.specification.vendor" value="Oracle Corporation"/>
    <property name="java.home" value="/Library/Java/JavaVirtualMachines/jdk1.8.0_201.jdk/Contents/Home/jre"/>
    <property name="basedir" value="/Users/dmytropetryshchak/IdeaProjects/frontredrtack"/>
    <property name="file.separator" value="/"/>
    <property name="line.separator" value="&#10;"/>
    <property name="java.vm.specification.vendor" value="Oracle Corporation"/>
    <property name="java.specification.name" value="Java Platform API Specification"/>
    <property name="java.awt.graphicsenv" value="sun.awt.CGraphicsEnvironment"/>
    <property name="surefire.real.class.path" value="/Users/dmytropetryshchak/IdeaProjects/frontredrtack/target/surefire/surefirebooter673647932714597706.jar:/Users/dmytropetryshchak/.m2/repository/org/aspectj/aspectjweaver/1.8.10/aspectjweaver-1.8.10.jar"/>
    <property name="sun.boot.class.path" value="/Library/Java/JavaVirtualMachines/jdk1.8.0_201.jdk/Contents/Home/jre/lib/resources.jar:/Library/Java/JavaVirtualMachines/jdk1.8.0_201.jdk/Contents/Home/jre/lib/rt.jar:/Library/Java/JavaVirtualMachines/jdk1.8.0_201.jdk/Contents/Home/jre/lib/sunrsasign.jar:/Library/Java/JavaVirtualMachines/jdk1.8.0_201.jdk/Contents/Home/jre/lib/jsse.jar:/Library/Java/JavaVirtualMachines/jdk1.8.0_201.jdk/Contents/Home/jre/lib/jce.jar:/Library/Java/JavaVirtualMachines/jdk1.8.0_201.jdk/Contents/Home/jre/lib/charsets.jar:/Library/Java/JavaVirtualMachines/jdk1.8.0_201.jdk/Contents/Home/jre/lib/jfr.jar:/Library/Java/JavaVirtualMachines/jdk1.8.0_201.jdk/Contents/Home/jre/classes"/>
    <property name="sun.management.compiler" value="HotSpot 64-Bit Tiered Compilers"/>
    <property name="ftp.nonProxyHosts" value="local|*.local|169.254/16|*.169.254/16"/>
    <property name="java.runtime.version" value="1.8.0_201-b09"/>
    <property name="user.name" value="dmytropetryshchak"/>
    <property name="path.separator" value=":"/>
    <property name="os.version" value="10.13.4"/>
    <property name="java.endorsed.dirs" value="/Library/Java/JavaVirtualMachines/jdk1.8.0_201.jdk/Contents/Home/jre/lib/endorsed"/>
    <property name="java.runtime.name" value="Java(TM) SE Runtime Environment"/>
    <property name="file.encoding" value="UTF-8"/>
    <property name="java.vm.name" value="Java HotSpot(TM) 64-Bit Server VM"/>
    <property name="localRepository" value="/Users/dmytropetryshchak/.m2/repository"/>
    <property name="java.vendor.url.bug" value="http://bugreport.sun.com/bugreport/"/>
    <property name="java.io.tmpdir" value="/var/folders/s7/dlhq31ys7yn9lt85ywwjcrrw0000gn/T/"/>
    <property name="idea.version" value="2018.2.3"/>
    <property name="java.version" value="1.8.0_201"/>
    <property name="user.dir" value="/Users/dmytropetryshchak/IdeaProjects/frontredrtack"/>
    <property name="os.arch" value="x86_64"/>
    <property name="java.vm.specification.name" value="Java Virtual Machine Specification"/>
    <property name="java.awt.printerjob" value="sun.lwawt.macosx.CPrinterJob"/>
    <property name="sun.os.patch.level" value="unknown"/>
    <property name="java.library.path" value="/Users/dmytropetryshchak/Library/Java/Extensions:/Library/Java/Extensions:/Network/Library/Java/Extensions:/System/Library/Java/Extensions:/usr/lib/java:."/>
    <property name="java.vm.info" value="mixed mode"/>
    <property name="java.vendor" value="Oracle Corporation"/>
    <property name="java.vm.version" value="25.201-b09"/>
    <property name="java.ext.dirs" value="/Users/dmytropetryshchak/Library/Java/Extensions:/Library/Java/JavaVirtualMachines/jdk1.8.0_201.jdk/Contents/Home/jre/lib/ext:/Library/Java/Extensions:/Network/Library/Java/Extensions:/System/Library/Java/Extensions:/usr/lib/java"/>
    <property name="sun.io.unicode.encoding" value="UnicodeBig"/>
    <property name="java.class.version" value="52.0"/>
    <property name="socksNonProxyHosts" value="local|*.local|169.254/16|*.169.254/16"/>
  </properties>
  <testcase name="login" classname="io.redtrack.app.tests.RedtrackStatsTests" time="0.057">
    <failure type="java.lang.NullPointerException">java.lang.NullPointerException
	at io.redtrack.app.tests.RedtrackStatsTests.login(RedtrackStatsTests.java:79)
</failure>
    <system-out><![CDATA[INFO  2019-04-08 20:28:24,233 [RedtrackStatsTests.java:45] : Initialization driver
FATAL 2019-04-08 20:28:34,336 [RedtrackStatsTests.java:70] : Something went wrong: session not created
from disconnected: received Inspector.detached event
  (Session info: chrome=73.0.3683.86)
  (Driver info: chromedriver=73.0.3683.68 (47787ec04b6e38e22703e856e101e840b65afe72),platform=Mac OS X 10.13.4 x86_64) (WARNING: The server did not provide any stacktrace information)
Command duration or timeout: 8.10 seconds
Build info: version: '3.14.0', revision: 'aacccce0', time: '2018-08-02T20:19:58.91Z'
System info: host: 'MacBook-Pro-Dmitrij.local', ip: 'fe80:0:0:0:4dd:dcc5:a89c:d149%en0', os.name: 'Mac OS X', os.arch: 'x86_64', os.version: '10.13.4', java.version: '1.8.0_201'
Driver info: driver.version: ChromeDriver
INFO  2019-04-08 20:28:34,741 [RedtrackStatsTests.java:78] : Logging into app
]]></system-out>
    <system-err><![CDATA[SLF4J: Failed to load class "org.slf4j.impl.StaticLoggerBinder".
SLF4J: Defaulting to no-operation (NOP) logger implementation
SLF4J: See http://www.slf4j.org/codes.html#StaticLoggerBinder for further details.
Starting ChromeDriver 73.0.3683.68 (47787ec04b6e38e22703e856e101e840b65afe72) on port 2644
Only local connections are allowed.
Please protect ports used by ChromeDriver and related test frameworks to prevent access by malicious code.
org.openqa.selenium.SessionNotCreatedException: session not created
from disconnected: received Inspector.detached event
  (Session info: chrome=73.0.3683.86)
  (Driver info: chromedriver=73.0.3683.68 (47787ec04b6e38e22703e856e101e840b65afe72),platform=Mac OS X 10.13.4 x86_64) (WARNING: The server did not provide any stacktrace information)
Command duration or timeout: 8.10 seconds
Build info: version: '3.14.0', revision: 'aacccce0', time: '2018-08-02T20:19:58.91Z'
System info: host: 'MacBook-Pro-Dmitrij.local', ip: 'fe80:0:0:0:4dd:dcc5:a89c:d149%en0', os.name: 'Mac OS X', os.arch: 'x86_64', os.version: '10.13.4', java.version: '1.8.0_201'
Driver info: driver.version: ChromeDriver
	at sun.reflect.NativeConstructorAccessorImpl.newInstance0(Native Method)
	at sun.reflect.NativeConstructorAccessorImpl.newInstance(NativeConstructorAccessorImpl.java:62)
	at sun.reflect.DelegatingConstructorAccessorImpl.newInstance(DelegatingConstructorAccessorImpl.java:45)
	at java.lang.reflect.Constructor.newInstance(Constructor.java:423)
	at org.openqa.selenium.remote.ErrorHandler.createThrowable(ErrorHandler.java:214)
	at org.openqa.selenium.remote.ErrorHandler.throwIfResponseFailed(ErrorHandler.java:166)
	at org.openqa.selenium.remote.JsonWireProtocolResponse.lambda$new$0(JsonWireProtocolResponse.java:53)
	at org.openqa.selenium.remote.JsonWireProtocolResponse.lambda$getResponseFunction$2(JsonWireProtocolResponse.java:91)
	at org.openqa.selenium.remote.ProtocolHandshake.lambda$createSession$0(ProtocolHandshake.java:122)
	at java.util.stream.ReferencePipeline$3$1.accept(ReferencePipeline.java:193)
	at java.util.Spliterators$ArraySpliterator.tryAdvance(Spliterators.java:958)
	at java.util.stream.ReferencePipeline.forEachWithCancel(ReferencePipeline.java:126)
	at java.util.stream.AbstractPipeline.copyIntoWithCancel(AbstractPipeline.java:498)
	at java.util.stream.AbstractPipeline.copyInto(AbstractPipeline.java:485)
	at java.util.stream.AbstractPipeline.wrapAndCopyInto(AbstractPipeline.java:471)
	at java.util.stream.FindOps$FindOp.evaluateSequential(FindOps.java:152)
	at java.util.stream.AbstractPipeline.evaluate(AbstractPipeline.java:234)
	at java.util.stream.ReferencePipeline.findFirst(ReferencePipeline.java:464)
	at org.openqa.selenium.remote.ProtocolHandshake.createSession(ProtocolHandshake.java:125)
	at org.openqa.selenium.remote.ProtocolHandshake.createSession(ProtocolHandshake.java:73)
	at org.openqa.selenium.remote.HttpCommandExecutor.execute(HttpCommandExecutor.java:136)
	at org.openqa.selenium.remote.service.DriverCommandExecutor.execute(DriverCommandExecutor.java:83)
	at org.openqa.selenium.remote.RemoteWebDriver.execute(RemoteWebDriver.java:548)
	at org.openqa.selenium.remote.RemoteWebDriver.startSession(RemoteWebDriver.java:212)
	at org.openqa.selenium.remote.RemoteWebDriver.<init>(RemoteWebDriver.java:130)
	at org.openqa.selenium.chrome.ChromeDriver.<init>(ChromeDriver.java:181)
	at org.openqa.selenium.chrome.ChromeDriver.<init>(ChromeDriver.java:168)
	at org.openqa.selenium.chrome.ChromeDriver.<init>(ChromeDriver.java:123)
	at io.redtrack.app.tests.RedtrackStatsTests.init(RedtrackStatsTests.java:47)
	at sun.reflect.NativeMethodAccessorImpl.invoke0(Native Method)
	at sun.reflect.NativeMethodAccessorImpl.invoke(NativeMethodAccessorImpl.java:62)
	at sun.reflect.DelegatingMethodAccessorImpl.invoke(DelegatingMethodAccessorImpl.java:43)
	at java.lang.reflect.Method.invoke(Method.java:498)
	at org.testng.internal.MethodInvocationHelper.invokeMethod(MethodInvocationHelper.java:124)
	at org.testng.internal.MethodInvocationHelper.invokeMethodConsideringTimeout(MethodInvocationHelper.java:59)
	at org.testng.internal.Invoker.invokeConfigurationMethod(Invoker.java:458)
	at org.testng.internal.Invoker.invokeConfigurations(Invoker.java:222)
	at org.testng.internal.Invoker.invokeConfigurations(Invoker.java:142)
	at org.testng.internal.TestMethodWorker.invokeBeforeClassMethods(TestMethodWorker.java:168)
	at org.testng.internal.TestMethodWorker.run(TestMethodWorker.java:105)
	at java.util.concurrent.ThreadPoolExecutor.runWorker(ThreadPoolExecutor.java:1149)
	at java.util.concurrent.ThreadPoolExecutor$Worker.run(ThreadPoolExecutor.java:624)
	at java.lang.Thread.run(Thread.java:748)
]]></system-err>
  </testcase>
  <testcase name="campaignsPage" classname="io.redtrack.app.tests.RedtrackStatsTests" time="0">
    <skipped message="Method RedtrackStatsTests.campaignsPage()[pri:0, instance:io.redtrack.app.tests.RedtrackStatsTests@52a86356] depends on not successfully finished methods"/>
  </testcase>
  <testcase name="setCustomPeriod" classname="io.redtrack.app.tests.RedtrackStatsTests" time="0">
    <skipped message="Method RedtrackStatsTests.setCustomPeriod()[pri:0, instance:io.redtrack.app.tests.RedtrackStatsTests@52a86356] depends on not successfully finished methods"/>
  </testcase>
  <testcase name="setDate" classname="io.redtrack.app.tests.RedtrackStatsTests" time="0">
    <skipped message="Method RedtrackStatsTests.setDate()[pri:0, instance:io.redtrack.app.tests.RedtrackStatsTests@52a86356] depends on not successfully finished methods"/>
  </testcase>
  <testcase name="checkingCPC" classname="io.redtrack.app.tests.RedtrackStatsTests" time="0">
    <skipped message="Method RedtrackStatsTests.checkingCPC()[pri:0, instance:io.redtrack.app.tests.RedtrackStatsTests@52a86356] depends on not successfully finished methods"/>
  </testcase>
  <testcase name="checkingProfit" classname="io.redtrack.app.tests.RedtrackStatsTests" time="0">
    <skipped message="Method RedtrackStatsTests.checkingProfit()[pri:0, instance:io.redtrack.app.tests.RedtrackStatsTests@52a86356] depends on not successfully finished methods"/>
  </testcase>
  <testcase name="checkingConv" classname="io.redtrack.app.tests.RedtrackStatsTests" time="0">
    <skipped message="Method RedtrackStatsTests.checkingConv()[pri:0, instance:io.redtrack.app.tests.RedtrackStatsTests@52a86356] depends on not successfully finished methods"/>
  </testcase>
  <testcase name="checkingCPT" classname="io.redtrack.app.tests.RedtrackStatsTests" time="0">
    <skipped message="Method RedtrackStatsTests.checkingCPT()[pri:0, instance:io.redtrack.app.tests.RedtrackStatsTests@52a86356] depends on not successfully finished methods"/>
  </testcase>
  <testcase name="checkCPA" classname="io.redtrack.app.tests.RedtrackStatsTests" time="0">
    <skipped message="Method RedtrackStatsTests.checkCPA()[pri:0, instance:io.redtrack.app.tests.RedtrackStatsTests@52a86356] depends on not successfully finished methods"/>
  </testcase>
  <testcase name="checkEPC" classname="io.redtrack.app.tests.RedtrackStatsTests" time="0">
    <skipped message="Method RedtrackStatsTests.checkEPC()[pri:0, instance:io.redtrack.app.tests.RedtrackStatsTests@52a86356] depends on not successfully finished methods"/>
  </testcase>
  <testcase name="checkTR" classname="io.redtrack.app.tests.RedtrackStatsTests" time="0">
    <skipped message="Method RedtrackStatsTests.checkTR()[pri:0, instance:io.redtrack.app.tests.RedtrackStatsTests@52a86356] depends on not successfully finished methods"/>
  </testcase>
  <testcase name="checkCR" classname="io.redtrack.app.tests.RedtrackStatsTests" time="0">
    <skipped message="Method RedtrackStatsTests.checkCR()[pri:0, instance:io.redtrack.app.tests.RedtrackStatsTests@52a86356] depends on not successfully finished methods"/>
  </testcase>
  <testcase name="checkROI" classname="io.redtrack.app.tests.RedtrackStatsTests" time="0">
    <skipped message="Method RedtrackStatsTests.checkROI()[pri:0, instance:io.redtrack.app.tests.RedtrackStatsTests@52a86356] depends on not successfully finished methods"/>
  </testcase>
  <testcase name="closingDriver" classname="io.redtrack.app.tests.RedtrackStatsTests" time="0">
    <skipped message="Method RedtrackStatsTests.closingDriver()[pri:0, instance:io.redtrack.app.tests.RedtrackStatsTests@52a86356] depends on not successfully finished methods"/>
  </testcase>
</testsuite>