<?xml version="1.0" encoding="UTF-8"?>
<!-- Generated by org.testng.reporters.JUnitReportReporter -->
<testsuite skipped="12" hostname="MacBook-Pro-Dmitrij.local" name="io.redtrack.app.tests.RedtrackCustomDomains" tests="23" failures="0" timestamp="19 июл 2019 14:16:50 GMT" time="68.952" errors="1">
  <testcase name="parsingURL" time="0.000" classname="io.redtrack.app.tests.RedtrackCustomDomains">
    <skipped/>
  </testcase> <!-- parsingURL -->
  <testcase name="creatingConversion" time="0.000" classname="io.redtrack.app.tests.RedtrackCustomDomains">
    <skipped/>
  </testcase> <!-- creatingConversion -->
  <testcase name="closingDriver" time="0.000" classname="io.redtrack.app.tests.RedtrackCustomDomains">
    <skipped/>
  </testcase> <!-- closingDriver -->
  <testcase name="backToDomains" time="0.000" classname="io.redtrack.app.tests.RedtrackCustomDomains">
    <skipped/>
  </testcase> <!-- backToDomains -->
  <testcase name="saveCamp" time="0.228" classname="io.redtrack.app.tests.RedtrackCustomDomains">
    <error type="org.openqa.selenium.WebDriverException" message="unknown error: Element &lt;span&gt;...&lt;/span&gt; is not clickable at point (535, 138). Other element would receive the click: &lt;div class=&quot;navbar-collapse collapse&quot;&gt;...&lt;/div&gt;
  (Session info: chrome=73.0.3683.75)
  (Driver info: chromedriver=73.0.3683.68 (47787ec04b6e38e22703e856e101e840b65afe72),platform=Linux 4.4.0-138-generic x86_64) (WARNING: The server did not provide any stacktrace information)
Command duration or timeout: 0 milliseconds
Build info: version: &#039;3.14.0&#039;, revision: &#039;aacccce0&#039;, time: &#039;2018-08-02T20:19:58.91Z&#039;
System info: host: &#039;MacBook-Pro-Dmitrij.local&#039;, ip: &#039;fe80:0:0:0:189b:5ec1:a089:dbcb%en0&#039;, os.name: &#039;Mac OS X&#039;, os.arch: &#039;x86_64&#039;, os.version: &#039;10.13.4&#039;, java.version: &#039;1.8.0_201&#039;
Driver info: org.openqa.selenium.remote.RemoteWebDriver
Capabilities {acceptInsecureCerts: false, acceptSslCerts: false, applicationCacheEnabled: false, browserConnectionEnabled: false, browserName: chrome, chrome: {chromedriverVersion: 73.0.3683.68 (47787ec04b6e3..., userDataDir: /tmp/.com.google.Chrome.yOxnSm}, cssSelectorsEnabled: true, databaseEnabled: false, goog:chromeOptions: {debuggerAddress: localhost:38229}, handlesAlerts: true, hasTouchScreen: false, javascriptEnabled: true, locationContextEnabled: true, mobileEmulationEnabled: false, nativeEvents: true, networkConnectionEnabled: false, pageLoadStrategy: normal, platform: LINUX, platformName: LINUX, proxy: Proxy(), rotatable: false, setWindowRect: true, strictFileInteractability: false, takesHeapSnapshot: true, takesScreenshot: true, timeouts: {implicit: 0, pageLoad: 300000, script: 30000}, unexpectedAlertBehaviour: ignore, unhandledPromptBehavior: ignore, version: 73.0.3683.75, webStorageEnabled: true}
Session ID: bec49c0e70eeb25fcfc3b58445165a0c">
      <![CDATA[org.openqa.selenium.WebDriverException: unknown error: Element <span>...</span> is not clickable at point (535, 138). Other element would receive the click: <div class="navbar-collapse collapse">...</div>
  (Session info: chrome=73.0.3683.75)
  (Driver info: chromedriver=73.0.3683.68 (47787ec04b6e38e22703e856e101e840b65afe72),platform=Linux 4.4.0-138-generic x86_64) (WARNING: The server did not provide any stacktrace information)
Command duration or timeout: 0 milliseconds
Build info: version: '3.14.0', revision: 'aacccce0', time: '2018-08-02T20:19:58.91Z'
System info: host: 'MacBook-Pro-Dmitrij.local', ip: 'fe80:0:0:0:189b:5ec1:a089:dbcb%en0', os.name: 'Mac OS X', os.arch: 'x86_64', os.version: '10.13.4', java.version: '1.8.0_201'
Driver info: org.openqa.selenium.remote.RemoteWebDriver
Capabilities {acceptInsecureCerts: false, acceptSslCerts: false, applicationCacheEnabled: false, browserConnectionEnabled: false, browserName: chrome, chrome: {chromedriverVersion: 73.0.3683.68 (47787ec04b6e3..., userDataDir: /tmp/.com.google.Chrome.yOxnSm}, cssSelectorsEnabled: true, databaseEnabled: false, goog:chromeOptions: {debuggerAddress: localhost:38229}, handlesAlerts: true, hasTouchScreen: false, javascriptEnabled: true, locationContextEnabled: true, mobileEmulationEnabled: false, nativeEvents: true, networkConnectionEnabled: false, pageLoadStrategy: normal, platform: LINUX, platformName: LINUX, proxy: Proxy(), rotatable: false, setWindowRect: true, strictFileInteractability: false, takesHeapSnapshot: true, takesScreenshot: true, timeouts: {implicit: 0, pageLoad: 300000, script: 30000}, unexpectedAlertBehaviour: ignore, unhandledPromptBehavior: ignore, version: 73.0.3683.75, webStorageEnabled: true}
Session ID: bec49c0e70eeb25fcfc3b58445165a0c
at sun.reflect.NativeConstructorAccessorImpl.newInstance0(Native Method)
at sun.reflect.NativeConstructorAccessorImpl.newInstance(NativeConstructorAccessorImpl.java:62)
at sun.reflect.DelegatingConstructorAccessorImpl.newInstance(DelegatingConstructorAccessorImpl.java:45)
at java.lang.reflect.Constructor.newInstance(Constructor.java:423)
at org.openqa.selenium.remote.ErrorHandler.createThrowable(ErrorHandler.java:214)
at org.openqa.selenium.remote.ErrorHandler.throwIfResponseFailed(ErrorHandler.java:166)
at org.openqa.selenium.remote.http.JsonHttpResponseCodec.reconstructValue(JsonHttpResponseCodec.java:40)
at org.openqa.selenium.remote.http.AbstractHttpResponseCodec.decode(AbstractHttpResponseCodec.java:80)
at org.openqa.selenium.remote.http.AbstractHttpResponseCodec.decode(AbstractHttpResponseCodec.java:44)
at org.openqa.selenium.remote.HttpCommandExecutor.execute(HttpCommandExecutor.java:158)
at org.openqa.selenium.remote.RemoteWebDriver.execute(RemoteWebDriver.java:548)
at org.openqa.selenium.remote.RemoteWebElement.execute(RemoteWebElement.java:276)
at org.openqa.selenium.remote.RemoteWebElement.click(RemoteWebElement.java:83)
at sun.reflect.NativeMethodAccessorImpl.invoke0(Native Method)
at sun.reflect.NativeMethodAccessorImpl.invoke(NativeMethodAccessorImpl.java:62)
at sun.reflect.DelegatingMethodAccessorImpl.invoke(DelegatingMethodAccessorImpl.java:43)
at java.lang.reflect.Method.invoke(Method.java:498)
at org.openqa.selenium.support.pagefactory.internal.LocatingElementHandler.invoke(LocatingElementHandler.java:51)
at com.sun.proxy.$Proxy7.click(Unknown Source)
at io.redtrack.app.pages.Campaigns.saveCamp(Campaigns.java:80)
at io.redtrack.app.tests.RedtrackCustomDomains.saveCamp(RedtrackCustomDomains.java:257)
at sun.reflect.NativeMethodAccessorImpl.invoke0(Native Method)
at sun.reflect.NativeMethodAccessorImpl.invoke(NativeMethodAccessorImpl.java:62)
at sun.reflect.DelegatingMethodAccessorImpl.invoke(DelegatingMethodAccessorImpl.java:43)
at java.lang.reflect.Method.invoke(Method.java:498)
at org.testng.internal.MethodInvocationHelper.invokeMethod(MethodInvocationHelper.java:124)
at org.testng.internal.Invoker.invokeMethod(Invoker.java:583)
at org.testng.internal.Invoker.invokeTestMethod(Invoker.java:719)
at org.testng.internal.Invoker.invokeTestMethods(Invoker.java:989)
at org.testng.internal.TestMethodWorker.invokeTestMethods(TestMethodWorker.java:125)
at org.testng.internal.TestMethodWorker.run(TestMethodWorker.java:109)
at java.util.concurrent.ThreadPoolExecutor.runWorker(ThreadPoolExecutor.java:1149)
at java.util.concurrent.ThreadPoolExecutor$Worker.run(ThreadPoolExecutor.java:624)
at java.lang.Thread.run(Thread.java:748)
]]>
    </error>
  </testcase> <!-- saveCamp -->
  <testcase name="checkingPostback" time="0.000" classname="io.redtrack.app.tests.RedtrackCustomDomains">
    <skipped/>
  </testcase> <!-- checkingPostback -->
  <testcase name="inputURL" time="5.408" classname="io.redtrack.app.tests.RedtrackCustomDomains"/>
  <testcase name="findConv" time="0.000" classname="io.redtrack.app.tests.RedtrackCustomDomains">
    <skipped/>
  </testcase> <!-- findConv -->
  <testcase name="saveDomain" time="5.435" classname="io.redtrack.app.tests.RedtrackCustomDomains"/>
  <testcase name="openCreateDomain" time="5.373" classname="io.redtrack.app.tests.RedtrackCustomDomains"/>
  <testcase name="openCampaign" time="13.234" classname="io.redtrack.app.tests.RedtrackCustomDomains"/>
  <testcase name="creatingClick" time="0.000" classname="io.redtrack.app.tests.RedtrackCustomDomains">
    <skipped/>
  </testcase> <!-- creatingClick -->
  <testcase name="navToDomains" time="8.558" classname="io.redtrack.app.tests.RedtrackCustomDomains"/>
  <testcase name="deleteDomain" time="0.000" classname="io.redtrack.app.tests.RedtrackCustomDomains">
    <skipped/>
  </testcase> <!-- deleteDomain -->
  <testcase name="getClickURL" time="0.000" classname="io.redtrack.app.tests.RedtrackCustomDomains">
    <skipped/>
  </testcase> <!-- getClickURL -->
  <testcase name="inputName" time="5.444" classname="io.redtrack.app.tests.RedtrackCustomDomains"/>
  <testcase name="goToCampaignPage" time="5.442" classname="io.redtrack.app.tests.RedtrackCustomDomains"/>
  <testcase name="parsingID" time="0.000" classname="io.redtrack.app.tests.RedtrackCustomDomains">
    <skipped/>
  </testcase> <!-- parsingID -->
  <testcase name="checkingConv" time="0.000" classname="io.redtrack.app.tests.RedtrackCustomDomains">
    <skipped/>
  </testcase> <!-- checkingConv -->
  <testcase name="chooseDomain" time="13.501" classname="io.redtrack.app.tests.RedtrackCustomDomains"/>
  <testcase name="login" time="5.825" classname="io.redtrack.app.tests.RedtrackCustomDomains"/>
  <testcase name="getName" time="0.504" classname="io.redtrack.app.tests.RedtrackCustomDomains"/>
  <testcase name="findPostback" time="0.000" classname="io.redtrack.app.tests.RedtrackCustomDomains">
    <skipped/>
  </testcase> <!-- findPostback -->
</testsuite> <!-- io.redtrack.app.tests.RedtrackCustomDomains -->
