<?xml version="1.0" encoding="UTF-8"?>
<!-- Generated by org.testng.reporters.JUnitReportReporter -->
<testsuite skipped="12" hostname="MacBook-Pro-Dmitrij.local" name="io.redtrack.app.tests.RedtrackStatsTests" tests="13" failures="0" timestamp="19 июл 2019 14:16:50 GMT" time="0.000" errors="1">
  <testcase name="checkingCPC" time="0.000" classname="io.redtrack.app.tests.RedtrackStatsTests">
    <skipped/>
  </testcase> <!-- checkingCPC -->
  <testcase name="checkEPC" time="0.000" classname="io.redtrack.app.tests.RedtrackStatsTests">
    <skipped/>
  </testcase> <!-- checkEPC -->
  <testcase name="checkingProfit" time="0.000" classname="io.redtrack.app.tests.RedtrackStatsTests">
    <skipped/>
  </testcase> <!-- checkingProfit -->
  <testcase name="login" time="0.000" classname="io.redtrack.app.tests.RedtrackStatsTests">
    <error type="org.testng.TestNGException" message="
Cannot inject @Test annotated Method [login] with [class org.openqa.selenium.remote.RemoteWebDriver].
For more information on native dependency injection please refer to http://testng.org/doc/documentation-main.html#native-dependency-injection">
      <![CDATA[org.testng.TestNGException: 
Cannot inject @Test annotated Method [login] with [class org.openqa.selenium.remote.RemoteWebDriver].
For more information on native dependency injection please refer to http://testng.org/doc/documentation-main.html#native-dependency-injection
at org.testng.internal.Parameters.checkParameterTypes(Parameters.java:407)
at org.testng.internal.Parameters.createParametersForMethod(Parameters.java:356)
at org.testng.internal.Parameters.createParameters(Parameters.java:635)
at org.testng.internal.Parameters.handleParameters(Parameters.java:769)
at org.testng.internal.ParameterHandler.handleParameters(ParameterHandler.java:49)
at org.testng.internal.ParameterHandler.createParameters(ParameterHandler.java:37)
at org.testng.internal.Invoker.invokeTestMethods(Invoker.java:924)
at org.testng.internal.TestMethodWorker.invokeTestMethods(TestMethodWorker.java:125)
at org.testng.internal.TestMethodWorker.run(TestMethodWorker.java:109)
at java.util.concurrent.ThreadPoolExecutor.runWorker(ThreadPoolExecutor.java:1149)
at java.util.concurrent.ThreadPoolExecutor$Worker.run(ThreadPoolExecutor.java:624)
at java.lang.Thread.run(Thread.java:748)
]]>
    </error>
  </testcase> <!-- login -->
  <testcase name="checkCPA" time="0.000" classname="io.redtrack.app.tests.RedtrackStatsTests">
    <skipped/>
  </testcase> <!-- checkCPA -->
  <testcase name="checkingCPT" time="0.000" classname="io.redtrack.app.tests.RedtrackStatsTests">
    <skipped/>
  </testcase> <!-- checkingCPT -->
  <testcase name="checkTR" time="0.000" classname="io.redtrack.app.tests.RedtrackStatsTests">
    <skipped/>
  </testcase> <!-- checkTR -->
  <testcase name="checkROI" time="0.000" classname="io.redtrack.app.tests.RedtrackStatsTests">
    <skipped/>
  </testcase> <!-- checkROI -->
  <testcase name="setDate" time="0.000" classname="io.redtrack.app.tests.RedtrackStatsTests">
    <skipped/>
  </testcase> <!-- setDate -->
  <testcase name="setCustomPeriod" time="0.000" classname="io.redtrack.app.tests.RedtrackStatsTests">
    <skipped/>
  </testcase> <!-- setCustomPeriod -->
  <testcase name="campaignsPage" time="0.000" classname="io.redtrack.app.tests.RedtrackStatsTests">
    <skipped/>
  </testcase> <!-- campaignsPage -->
  <testcase name="checkCR" time="0.000" classname="io.redtrack.app.tests.RedtrackStatsTests">
    <skipped/>
  </testcase> <!-- checkCR -->
  <testcase name="offQuickStat" time="0.000" classname="io.redtrack.app.tests.RedtrackStatsTests">
    <skipped/>
  </testcase> <!-- offQuickStat -->
</testsuite> <!-- io.redtrack.app.tests.RedtrackStatsTests -->
